<?xml version="1.0" encoding="UTF-8"?>
<testng-results total="1" passed="1" failed="0" skipped="0">
  <reporter-output>
  </reporter-output>
  <suite started-at="2023-05-12T23:52:54Z" name="test.com.itexps.ItexpsTest" finished-at="2023-05-12T23:53:09Z" duration-ms="15165">
    <groups>
    </groups>
    <test started-at="2023-05-12T23:52:54Z" name="Command line test" finished-at="2023-05-12T23:53:09Z" duration-ms="15165">
      <class name="test.com.itexps.ItexpsTest">
        <test-method is-config="true" signature="setUpClass()[pri:0, instance:test.com.itexps.ItexpsTest@5bb21b69]" started-at="2023-05-12T18:52:54Z" name="setUpClass" finished-at="2023-05-12T18:52:54Z" duration-ms="14" status="PASS">
          <reporter-output>
          </reporter-output>
        </test-method> <!-- setUpClass -->
        <test-method is-config="true" signature="setUpMethod()[pri:0, instance:test.com.itexps.ItexpsTest@5bb21b69]" started-at="2023-05-12T18:52:54Z" name="setUpMethod" finished-at="2023-05-12T18:52:56Z" duration-ms="1992" status="PASS">
          <reporter-output>
          </reporter-output>
        </test-method> <!-- setUpMethod -->
        <test-method signature="testItexps()[pri:0, instance:test.com.itexps.ItexpsTest@5bb21b69]" started-at="2023-05-12T18:52:56Z" name="testItexps" finished-at="2023-05-12T18:53:09Z" duration-ms="13148" status="PASS">
          <reporter-output>
          </reporter-output>
        </test-method> <!-- testItexps -->
        <test-method is-config="true" signature="tearDownMethod()[pri:0, instance:test.com.itexps.ItexpsTest@5bb21b69]" started-at="2023-05-12T18:53:09Z" name="tearDownMethod" finished-at="2023-05-12T18:53:09Z" duration-ms="1" status="PASS">
          <reporter-output>
          </reporter-output>
        </test-method> <!-- tearDownMethod -->
        <test-method is-config="true" signature="tearDownClass()[pri:0, instance:test.com.itexps.ItexpsTest@5bb21b69]" started-at="2023-05-12T18:53:09Z" name="tearDownClass" finished-at="2023-05-12T18:53:09Z" duration-ms="0" status="PASS">
          <reporter-output>
          </reporter-output>
        </test-method> <!-- tearDownClass -->
      </class> <!-- test.com.itexps.ItexpsTest -->
    </test> <!-- Command line test -->
  </suite> <!-- test.com.itexps.ItexpsTest -->
</testng-results>
